Oscillator/build/outputs/logs/manifest-merger-debug-report.txt
-- Merging decision tree log ---
manifest
ADDED from PhysicsAndroid/Oscillator/AndroidManifest.xml:2:1-23:12
	package
		ADDED from PhysicsAndroid/Oscillator/AndroidManifest.xml:3:5-44
	android:versionName
		ADDED from PhysicsAndroid/Oscillator/AndroidManifest.xml:5:5-30
		INJECTED from PhysicsAndroid/Oscillator/AndroidManifest.xml
		INJECTED from PhysicsAndroid/Oscillator/AndroidManifest.xml
	android:versionCode
		ADDED from PhysicsAndroid/Oscillator/AndroidManifest.xml:4:5-28
		INJECTED from PhysicsAndroid/Oscillator/AndroidManifest.xml
		INJECTED from PhysicsAndroid/Oscillator/AndroidManifest.xml
	xmlns:android
		ADDED from PhysicsAndroid/Oscillator/AndroidManifest.xml:2:11-69
uses-sdk
ADDED from PhysicsAndroid/Oscillator/AndroidManifest.xml:7:5-43
	android:minSdkVersion
		ADDED from PhysicsAndroid/Oscillator/AndroidManifest.xml:7:15-40
application
ADDED from PhysicsAndroid/Oscillator/AndroidManifest.xml:9:5-21:19
	android:label
		ADDED from PhysicsAndroid/Oscillator/AndroidManifest.xml:11:9-41
	android:icon
		ADDED from PhysicsAndroid/Oscillator/AndroidManifest.xml:10:9-38
activity#jp.ac.u_ryukyu.phys.Oscillator.OscillatorActivity
ADDED from PhysicsAndroid/Oscillator/AndroidManifest.xml:12:9-20:20
	android:screenOrientation
		ADDED from PhysicsAndroid/Oscillator/AndroidManifest.xml:14:78-115
	android:label
		ADDED from PhysicsAndroid/Oscillator/AndroidManifest.xml:13:13-45
	android:configChanges
		ADDED from PhysicsAndroid/Oscillator/AndroidManifest.xml:14:116-166
	android:name
		ADDED from PhysicsAndroid/Oscillator/AndroidManifest.xml:14:13-77
intent-filter#android.intent.action.MAIN+android.intent.category.LAUNCHER
ADDED from PhysicsAndroid/Oscillator/AndroidManifest.xml:15:13-19:29
action#android.intent.action.MAIN
ADDED from PhysicsAndroid/Oscillator/AndroidManifest.xml:16:17-69
	android:name
		ADDED from PhysicsAndroid/Oscillator/AndroidManifest.xml:16:25-66
category#android.intent.category.LAUNCHER
ADDED from PhysicsAndroid/Oscillator/AndroidManifest.xml:18:17-77
	android:name
		ADDED from PhysicsAndroid/Oscillator/AndroidManifest.xml:18:27-74